
ERROR login: pepe -- Thu Nov 03 12:30:50 CET 2022
ERROR login: pepe -- Thu Nov 03 12:30:50 CET 2022
ERROR login: pepe -- Thu Nov 03 12:30:50 CET 2022
BLOQUEO login: pepe -- Thu Nov 03 12:30:50 CET 2022
ERROR login: pep -- Thu Nov 03 12:30:50 CET 2022
ERROR login: pep -- Thu Nov 03 12:30:50 CET 2022
ERROR login: pep -- Thu Nov 03 12:30:50 CET 2022
BLOQUEO login: pep -- Thu Nov 03 12:30:50 CET 2022
ERROR login: ivan -- Thu Nov 03 12:30:50 CET 2022
ERROR login: ivan -- Thu Nov 03 12:30:50 CET 2022
ERROR login: ivan -- Thu Nov 03 12:30:50 CET 2022
BLOQUEO login: ivan -- Thu Nov 03 12:30:50 CET 2022
Login OK: admin -- Thu Nov 03 12:30:50 CET 2022
DESBLOQUEO login: pepe -- Thu Nov 03 12:30:50 CET 2022
DESBLOQUEO login: ivan -- Thu Nov 03 12:30:50 CET 2022
DESBLOQUEO login: pep -- Thu Nov 03 12:30:50 CET 2022
ERROR login: m1 -- Thu Nov 03 12:30:50 CET 2022
ERROR login: m1 -- Thu Nov 03 12:30:50 CET 2022
ERROR login: m1 -- Thu Nov 03 12:30:50 CET 2022
BLOQUEO login: m1 -- Thu Nov 03 12:30:50 CET 2022
ERROR login: ivan -- Thu Nov 03 12:30:50 CET 2022
ERROR login: ivan -- Thu Nov 03 12:30:50 CET 2022
ERROR login: ivan -- Thu Nov 03 12:30:50 CET 2022
BLOQUEO login: ivan -- Thu Nov 03 12:30:50 CET 2022
Login OK: admin -- Thu Nov 03 12:30:50 CET 2022
DESBLOQUEO login: DESBLOQUEO TOTAL -- Thu Nov 03 12:30:50 CET 2022
ERROR login: pep -- Thu Nov 03 12:30:50 CET 2022
ERROR login: pep -- Thu Nov 03 12:30:50 CET 2022
ERROR login: pep -- Thu Nov 03 12:30:50 CET 2022
BLOQUEO login: pep -- Thu Nov 03 12:30:50 CET 2022
ERROR login: ivan -- Thu Nov 03 12:30:50 CET 2022
ERROR login: ivan -- Thu Nov 03 12:30:50 CET 2022
ERROR login: ivan -- Thu Nov 03 12:30:50 CET 2022
BLOQUEO login: ivan -- Thu Nov 03 12:30:50 CET 2022
Login OK: m1 -- Thu Nov 03 12:30:50 CET 2022
ERROR login: m1 -- Thu Nov 03 12:30:50 CET 2022
ERROR login: m1 -- Thu Nov 03 12:30:50 CET 2022
ERROR login: m1 -- Thu Nov 03 12:30:50 CET 2022
BLOQUEO login: m1 -- Thu Nov 03 12:30:50 CET 2022
BLOQUEO login: m1 -- Thu Nov 03 12:33:24 CET 2022
ERROR login: pepe -- Thu Nov 03 12:33:24 CET 2022
ERROR login: pepe -- Thu Nov 03 12:33:24 CET 2022
ERROR login: pepe -- Thu Nov 03 12:33:24 CET 2022
BLOQUEO login: pepe -- Thu Nov 03 12:33:24 CET 2022
Login OK: admin -- Thu Nov 03 12:33:24 CET 2022
DESBLOQUEO login: DESBLOQUEO TOTAL -- Thu Nov 03 12:33:24 CET 2022
Nuevo Usuario: david -- Thu Nov 03 12:36:57 CET 2022
Login OK: admin -- Thu Nov 03 13:10:00 CET 2022